<?xml version="1.0" encoding="UTF-8" standalone="no"?><testsuite errors="0" failures="0" name="Managing the cart" skipped="3" tests="11" time="94.25" timestamp="2021-12-02 02:40:19"><testcase name="Colin adds items to the cart"/><testcase name="Colin adds an item to the cart"/><testcase name="Colin adds ignored items to the cart"><skipped/></testcase><testcase name="Colin adds pending items to the cart"><skipped/></testcase><testcase name="Colin adds skipped items to the cart"><skipped/></testcase><testcase name="Colin adds several items to the cart"/><testcase name="Colin removes an item from the cart on the product catalog page 2"/><testcase name="Colin removes an item from the cart overview"/><testcase name="Colin views the details of a product and adds it to his cart 2"/><testcase name="Colin sees every item he has added in the cart"/></testsuite>