<?xml version="1.0" encoding="UTF-8"?><testsuite errors="0" failures="0" name="Managing the cart" skipped="0" tests="7" time="34.98" timestamp="2021-11-06 08:15:41"><testcase name="Colin adds items to the cart"/><testcase name="Colin adds an item to the cart"/><testcase name="Colin adds several items to the cart"/><testcase name="Colin removes an item from the cart"/><testcase name="Colin views the details of a product and adds it to his cart"/><testcase name="Colin adds some items to the cart and reviews his cart contents"/></testsuite>