<?xml version="1.0" encoding="UTF-8"?><testsuite errors="0" failures="0" name="Managing the cart" skipped="0" tests="8" time="85.84" timestamp="2021-11-18 05:44:36"><testcase name="Colin adds items to the cart"/><testcase name="Colin adds an item to the cart"/><testcase name="Colin adds several items to the cart"/><testcase name="Colin removes an item from the cart on the product catalog page 2"/><testcase name="Colin removes an item from the cart overview"/><testcase name="Colin views the details of a product and adds it to his cart 2"/><testcase name="Colin sees every item he has added in the cart"/></testsuite>